<?xml version="1.0" encoding="UTF-8"?>
<!-- Generated by org.testng.reporters.JUnitReportReporter -->
<testsuite hostname="DESKTOP-3CBGDHB" failures="0" tests="6" name="com.tekarch.SalesForce.Tc01" time="7.641" errors="0" timestamp="2023-02-16T00:37:02 EST" skipped="5">
  <testcase classname="com.tekarch.SalesForce.Tc01" name="errorMessageBlankPassword" time="7.641"/>
  <system-out/>
  <testcase classname="com.tekarch.SalesForce.Tc01" name="login">
    <skipped/>
  </testcase> <!-- login -->
  <system-out/>
  <testcase classname="com.tekarch.SalesForce.Tc01" name="validateCheck">
    <skipped/>
  </testcase> <!-- validateCheck -->
  <system-out/>
  <testcase classname="com.tekarch.SalesForce.Tc01" name="userMenuDropDown">
    <skipped/>
  </testcase> <!-- userMenuDropDown -->
  <system-out/>
  <testcase classname="com.tekarch.SalesForce.Tc01" name="errorWIthInvalidCred">
    <skipped/>
  </testcase> <!-- errorWIthInvalidCred -->
  <system-out/>
  <testcase classname="com.tekarch.SalesForce.Tc01" name="forgotPassword">
    <skipped/>
  </testcase> <!-- forgotPassword -->
  <system-out/>
</testsuite> <!-- com.tekarch.SalesForce.Tc01 -->
