<?xml version="1.0" encoding="UTF-8"?>
<!-- Generated by org.testng.reporters.JUnitReportReporter -->
<testsuite hostname="DESKTOP-3CBGDHB" failures="0" tests="5" name="com.tekarch.SalesForce.SalesForceWithFrameLoginPage" time="46.656" errors="0" timestamp="2023-02-20T01:42:12 EST" skipped="0">
  <testcase classname="com.tekarch.SalesForce.SalesForceWithFrameLoginPage" name="errorMessageBlankPassword" time="7.096"/>
  <system-out/>
  <testcase classname="com.tekarch.SalesForce.SalesForceWithFrameLoginPage" name="loginPage" time="12.040"/>
  <system-out/>
  <testcase classname="com.tekarch.SalesForce.SalesForceWithFrameLoginPage" name="forgotPassword" time="6.520"/>
  <system-out/>
  <testcase classname="com.tekarch.SalesForce.SalesForceWithFrameLoginPage" name="errorWithInvalidCred" time="7.574"/>
  <system-out/>
  <testcase classname="com.tekarch.SalesForce.SalesForceWithFrameLoginPage" name="validateCheck" time="13.426"/>
  <system-out/>
</testsuite> <!-- com.tekarch.SalesForce.SalesForceWithFrameLoginPage -->
