<?xml version="1.0" encoding="UTF-8"?>
<!-- Generated by org.testng.reporters.JUnitReportReporter -->
<testsuite hostname="DESKTOP-3CBGDHB" failures="0" tests="6" name="com.tekarch.SalesForce.SalesForceWithFrame" time="77.290" errors="0" timestamp="2023-02-16T20:55:28 EST" skipped="0">
  <testcase classname="com.tekarch.SalesForce.SalesForceWithFrame" name="validateCheck" time="14.292"/>
  <system-out/>
  <testcase classname="com.tekarch.SalesForce.SalesForceWithFrame" name="errorWIthInvalidCred" time="18.449"/>
  <system-out/>
  <testcase classname="com.tekarch.SalesForce.SalesForceWithFrame" name="errorMessageBlankPassword" time="6.456"/>
  <system-out/>
  <testcase classname="com.tekarch.SalesForce.SalesForceWithFrame" name="userMenuDropDown" time="15.066"/>
  <system-out/>
  <testcase classname="com.tekarch.SalesForce.SalesForceWithFrame" name="forgotPassword" time="9.124"/>
  <system-out/>
  <testcase classname="com.tekarch.SalesForce.SalesForceWithFrame" name="login" time="13.903"/>
  <system-out/>
</testsuite> <!-- com.tekarch.SalesForce.SalesForceWithFrame -->
